mode: set
github.com/prakashpandey/golog/examples/multi_output_target.go:12.13,26.2 7 0
github.com/prakashpandey/golog/slog/slog.go:19.50,20.15 1 1
github.com/prakashpandey/golog/slog/slog.go:21.17,22.25 1 1
github.com/prakashpandey/golog/slog/slog.go:23.16,24.24 1 0
github.com/prakashpandey/golog/slog/slog.go:25.16,26.24 1 1
github.com/prakashpandey/golog/slog/slog.go:27.17,28.25 1 0
github.com/prakashpandey/golog/slog/slog.go:29.10,30.24 1 0
github.com/prakashpandey/golog/slog/slog.go:35.50,45.49 4 1
github.com/prakashpandey/golog/slog/slog.go:45.49,47.3 1 1
github.com/prakashpandey/golog/slog/slog.go:47.8,49.3 1 0
github.com/prakashpandey/golog/slog/slog.go:51.2,54.3 1 1
github.com/prakashpandey/golog/slog/slog.go:57.83,58.29 1 1
github.com/prakashpandey/golog/slog/slog.go:58.29,60.3 1 1
github.com/prakashpandey/golog/slog/slog.go:63.82,64.28 1 1
github.com/prakashpandey/golog/slog/slog.go:64.28,66.3 1 1
github.com/prakashpandey/golog/slog/slog.go:69.82,70.28 1 1
github.com/prakashpandey/golog/slog/slog.go:70.28,72.3 1 1
github.com/prakashpandey/golog/slog/slog.go:75.83,76.29 1 1
github.com/prakashpandey/golog/slog/slog.go:76.29,78.3 1 1
github.com/prakashpandey/golog/slog/slog.go:82.83,85.2 2 0
